{"uid":"463c02f4caf6671","name":"test_dashboard_active_user","fullName":"TestDashboard.TestDashboard#test_dashboard_active_user","historyId":"b01b12fb82cc02385e2174cc6b5c1168","time":{"start":1681971342908,"stop":1681971354228,"duration":11320},"status":"failed","statusMessage":"AssertionError: '0' != '34'\n- 0\n+ 34\n : Verification of Active user tile failed.","statusTrace":"self = <TestsCases.TestDashboard.TestDashboard testMethod=test_dashboard_active_user>\n\n    @allure.story(\"Checking Active User Tiles\")\n    @allure.severity(allure.severity_level.NORMAL)\n    # @data((\"frugal@latido.com.np\", \"Test@123\"))\n    def test_dashboard_active_user(self):\n        self.LoginMethod.nativelogin(self.driver, \"frugal@latido.com.np\", \"Test@123\")\n        try:\n            self.assertEqual(self.Dashboard.active_user(), \"34\", msg=\"Verification of Active user tile failed.\")\n    \n        # Checking if assertion failed\n        except AssertionError as e:\n            allure.attach(self.driver.get_screenshot_as_png(), name=\"TestDashboardScreen\",\n                          attachment_type=AttachmentType.PNG)\n            self.log.error(f\"Assertion failed here while finding element. {str(e)}\")\n>           raise e\n\nTestDashboard.py:105: \n_ _ _ _ _ _ _ _ _ _ _ _ _ _ _ _ _ _ _ _ _ _ _ _ _ _ _ _ _ _ _ _ _ _ _ _ _ _ _ _\nTestDashboard.py:98: in test_dashboard_active_user\n    self.assertEqual(self.Dashboard.active_user(), \"34\", msg=\"Verification of Active user tile failed.\")\nC:\\Program Files\\JetBrains\\PyCharm Community Edition 2022.3.3\\plugins\\python-ce\\helpers\\pycharm\\teamcity\\diff_tools.py:33: in _patched_equals\n    old(self, first, second, msg)\nE   AssertionError: '0' != '34'\nE   - 0\nE   + 34\nE    : Verification of Active user tile failed.","flaky":false,"newFailed":false,"newBroken":false,"newPassed":false,"retriesCount":0,"retriesStatusChange":false,"beforeStages":[{"name":"_unittest_setUpClass_fixture_TestDashboard","time":{"start":1681971342907,"stop":1681971342907,"duration":0},"status":"passed","steps":[],"attachments":[],"parameters":[],"stepsCount":0,"hasContent":false,"shouldDisplayMessage":false,"attachmentsCount":0}],"testStage":{"status":"failed","statusMessage":"AssertionError: '0' != '34'\n- 0\n+ 34\n : Verification of Active user tile failed.","statusTrace":"self = <TestsCases.TestDashboard.TestDashboard testMethod=test_dashboard_active_user>\n\n    @allure.story(\"Checking Active User Tiles\")\n    @allure.severity(allure.severity_level.NORMAL)\n    # @data((\"frugal@latido.com.np\", \"Test@123\"))\n    def test_dashboard_active_user(self):\n        self.LoginMethod.nativelogin(self.driver, \"frugal@latido.com.np\", \"Test@123\")\n        try:\n            self.assertEqual(self.Dashboard.active_user(), \"34\", msg=\"Verification of Active user tile failed.\")\n    \n        # Checking if assertion failed\n        except AssertionError as e:\n            allure.attach(self.driver.get_screenshot_as_png(), name=\"TestDashboardScreen\",\n                          attachment_type=AttachmentType.PNG)\n            self.log.error(f\"Assertion failed here while finding element. {str(e)}\")\n>           raise e\n\nTestDashboard.py:105: \n_ _ _ _ _ _ _ _ _ _ _ _ _ _ _ _ _ _ _ _ _ _ _ _ _ _ _ _ _ _ _ _ _ _ _ _ _ _ _ _\nTestDashboard.py:98: in test_dashboard_active_user\n    self.assertEqual(self.Dashboard.active_user(), \"34\", msg=\"Verification of Active user tile failed.\")\nC:\\Program Files\\JetBrains\\PyCharm Community Edition 2022.3.3\\plugins\\python-ce\\helpers\\pycharm\\teamcity\\diff_tools.py:33: in _patched_equals\n    old(self, first, second, msg)\nE   AssertionError: '0' != '34'\nE   - 0\nE   + 34\nE    : Verification of Active user tile failed.","steps":[],"attachments":[{"uid":"ad393a11fa01a08d","name":"TestDashboardScreen","source":"ad393a11fa01a08d.png","type":"image/png","size":105995},{"uid":"f58478f40c0f3d16","name":"log","source":"f58478f40c0f3d16.txt","type":"text/plain","size":153}],"parameters":[],"stepsCount":0,"hasContent":true,"shouldDisplayMessage":true,"attachmentsCount":2},"afterStages":[{"name":"_unittest_setUpClass_fixture_TestDashboard::0","time":{"start":1681971446191,"stop":1681971446191,"duration":0},"status":"passed","steps":[],"attachments":[],"parameters":[],"stepsCount":0,"hasContent":false,"shouldDisplayMessage":false,"attachmentsCount":0}],"labels":[{"name":"severity","value":"normal"},{"name":"story","value":"Checking Active User Tiles"},{"name":"feature","value":"Dashboard"},{"name":"suite","value":"TestDashboard"},{"name":"subSuite","value":"TestDashboard"},{"name":"host","value":"0day"},{"name":"thread","value":"6084-MainThread"},{"name":"framework","value":"pytest"},{"name":"language","value":"cpython3"},{"name":"package","value":"TestDashboard"},{"name":"resultFormat","value":"allure2"}],"parameters":[],"links":[],"hidden":false,"retry":false,"extra":{"severity":"normal","retries":[],"categories":[{"name":"Product defects","matchedStatuses":[],"flaky":false}],"tags":[]},"source":"463c02f4caf6671.json","parameterValues":[]}